<?xml version="1.0" encoding="UTF-8"?>
<testsuite name="shop.item.ItemApplicationTests" tests="1" skipped="0" failures="0" errors="0" timestamp="2021-08-25T12:32:11" hostname="taeyangui-MacBookPro.local" time="0.002">
  <properties/>
  <testcase name="contextLoads()" classname="shop.item.ItemApplicationTests" time="0.002"/>
  <system-out><![CDATA[2021-08-25 21:32:11.934  INFO 92099 --- [    Test worker] .b.t.c.SpringBootTestContextBootstrapper : Neither @ContextConfiguration nor @ContextHierarchy found for test class [shop.item.ItemApplicationTests], using SpringBootContextLoader
2021-08-25 21:32:11.935  INFO 92099 --- [    Test worker] o.s.t.c.support.AbstractContextLoader    : Could not detect default resource locations for test class [shop.item.ItemApplicationTests]: no resource found for suffixes {-context.xml, Context.groovy}.
2021-08-25 21:32:11.935  INFO 92099 --- [    Test worker] t.c.s.AnnotationConfigContextLoaderUtils : Could not detect default configuration classes for test class [shop.item.ItemApplicationTests]: ItemApplicationTests does not declare any static, non-private, non-final, nested classes annotated with @Configuration.
2021-08-25 21:32:11.944  INFO 92099 --- [    Test worker] .b.t.c.SpringBootTestContextBootstrapper : Found @SpringBootConfiguration shop.item.ItemApplication for test class shop.item.ItemApplicationTests
2021-08-25 21:32:11.946  INFO 92099 --- [    Test worker] .b.t.c.SpringBootTestContextBootstrapper : Loaded default TestExecutionListener class names from location [META-INF/spring.factories]: [org.springframework.boot.test.autoconfigure.restdocs.RestDocsTestExecutionListener, org.springframework.boot.test.autoconfigure.web.client.MockRestServiceServerResetTestExecutionListener, org.springframework.boot.test.autoconfigure.web.servlet.MockMvcPrintOnlyOnFailureTestExecutionListener, org.springframework.boot.test.autoconfigure.web.servlet.WebDriverTestExecutionListener, org.springframework.boot.test.autoconfigure.webservices.client.MockWebServiceServerTestExecutionListener, org.springframework.boot.test.mock.mockito.MockitoTestExecutionListener, org.springframework.boot.test.mock.mockito.ResetMocksTestExecutionListener, org.springframework.test.context.web.ServletTestExecutionListener, org.springframework.test.context.support.DirtiesContextBeforeModesTestExecutionListener, org.springframework.test.context.event.ApplicationEventsTestExecutionListener, org.springframework.test.context.support.DependencyInjectionTestExecutionListener, org.springframework.test.context.support.DirtiesContextTestExecutionListener, org.springframework.test.context.transaction.TransactionalTestExecutionListener, org.springframework.test.context.jdbc.SqlScriptsTestExecutionListener, org.springframework.test.context.event.EventPublishingTestExecutionListener]
2021-08-25 21:32:11.946  INFO 92099 --- [    Test worker] .b.t.c.SpringBootTestContextBootstrapper : Using TestExecutionListeners: [org.springframework.test.context.web.ServletTestExecutionListener@2412dcdb, org.springframework.test.context.support.DirtiesContextBeforeModesTestExecutionListener@7f652283, org.springframework.test.context.event.ApplicationEventsTestExecutionListener@2cf53b36, org.springframework.boot.test.mock.mockito.MockitoTestExecutionListener@13a3b7bd, org.springframework.boot.test.autoconfigure.SpringBootDependencyInjectionTestExecutionListener@21655516, org.springframework.test.context.support.DirtiesContextTestExecutionListener@77c20a83, org.springframework.test.context.transaction.TransactionalTestExecutionListener@72eba3c6, org.springframework.test.context.jdbc.SqlScriptsTestExecutionListener@7c7bec79, org.springframework.test.context.event.EventPublishingTestExecutionListener@773ddb05, org.springframework.boot.test.autoconfigure.restdocs.RestDocsTestExecutionListener@10cc5173, org.springframework.boot.test.autoconfigure.web.client.MockRestServiceServerResetTestExecutionListener@3f16353f, org.springframework.boot.test.autoconfigure.web.servlet.MockMvcPrintOnlyOnFailureTestExecutionListener@1c2d0e80, org.springframework.boot.test.autoconfigure.web.servlet.WebDriverTestExecutionListener@5511bf3, org.springframework.boot.test.autoconfigure.webservices.client.MockWebServiceServerTestExecutionListener@776485e3, org.springframework.boot.test.mock.mockito.ResetMocksTestExecutionListener@7955e9fd]
]]></system-out>
  <system-err><![CDATA[]]></system-err>
</testsuite>
