<?xml version="1.0" encoding="UTF-8"?>
<testsuite name="shop.item.service.MemberServiceTest" tests="3" skipped="0" failures="0" errors="0" timestamp="2021-08-25T12:32:11" hostname="taeyangui-MacBookPro.local" time="0.049">
  <properties/>
  <testcase name="중복_아이디()" classname="shop.item.service.MemberServiceTest" time="0.025"/>
  <testcase name="정보_변경()" classname="shop.item.service.MemberServiceTest" time="0.015"/>
  <testcase name="회원가입()" classname="shop.item.service.MemberServiceTest" time="0.007"/>
  <system-out><![CDATA[2021-08-25 21:32:11.873  INFO 92099 --- [    Test worker] .b.t.c.SpringBootTestContextBootstrapper : Neither @ContextConfiguration nor @ContextHierarchy found for test class [shop.item.service.MemberServiceTest], using SpringBootContextLoader
2021-08-25 21:32:11.874  INFO 92099 --- [    Test worker] o.s.t.c.support.AbstractContextLoader    : Could not detect default resource locations for test class [shop.item.service.MemberServiceTest]: no resource found for suffixes {-context.xml, Context.groovy}.
2021-08-25 21:32:11.874  INFO 92099 --- [    Test worker] t.c.s.AnnotationConfigContextLoaderUtils : Could not detect default configuration classes for test class [shop.item.service.MemberServiceTest]: MemberServiceTest does not declare any static, non-private, non-final, nested classes annotated with @Configuration.
2021-08-25 21:32:11.878  INFO 92099 --- [    Test worker] .b.t.c.SpringBootTestContextBootstrapper : Found @SpringBootConfiguration shop.item.ItemApplication for test class shop.item.service.MemberServiceTest
2021-08-25 21:32:11.879  INFO 92099 --- [    Test worker] .b.t.c.SpringBootTestContextBootstrapper : Loaded default TestExecutionListener class names from location [META-INF/spring.factories]: [org.springframework.boot.test.autoconfigure.restdocs.RestDocsTestExecutionListener, org.springframework.boot.test.autoconfigure.web.client.MockRestServiceServerResetTestExecutionListener, org.springframework.boot.test.autoconfigure.web.servlet.MockMvcPrintOnlyOnFailureTestExecutionListener, org.springframework.boot.test.autoconfigure.web.servlet.WebDriverTestExecutionListener, org.springframework.boot.test.autoconfigure.webservices.client.MockWebServiceServerTestExecutionListener, org.springframework.boot.test.mock.mockito.MockitoTestExecutionListener, org.springframework.boot.test.mock.mockito.ResetMocksTestExecutionListener, org.springframework.test.context.web.ServletTestExecutionListener, org.springframework.test.context.support.DirtiesContextBeforeModesTestExecutionListener, org.springframework.test.context.event.ApplicationEventsTestExecutionListener, org.springframework.test.context.support.DependencyInjectionTestExecutionListener, org.springframework.test.context.support.DirtiesContextTestExecutionListener, org.springframework.test.context.transaction.TransactionalTestExecutionListener, org.springframework.test.context.jdbc.SqlScriptsTestExecutionListener, org.springframework.test.context.event.EventPublishingTestExecutionListener]
2021-08-25 21:32:11.880  INFO 92099 --- [    Test worker] .b.t.c.SpringBootTestContextBootstrapper : Using TestExecutionListeners: [org.springframework.test.context.web.ServletTestExecutionListener@e6a59cb, org.springframework.test.context.support.DirtiesContextBeforeModesTestExecutionListener@166762fe, org.springframework.test.context.event.ApplicationEventsTestExecutionListener@66630748, org.springframework.boot.test.mock.mockito.MockitoTestExecutionListener@24e98591, org.springframework.boot.test.autoconfigure.SpringBootDependencyInjectionTestExecutionListener@789124c6, org.springframework.test.context.support.DirtiesContextTestExecutionListener@55ccd9b8, org.springframework.test.context.transaction.TransactionalTestExecutionListener@2bebdd0e, org.springframework.test.context.jdbc.SqlScriptsTestExecutionListener@434600ef, org.springframework.test.context.event.EventPublishingTestExecutionListener@3280bb55, org.springframework.boot.test.autoconfigure.restdocs.RestDocsTestExecutionListener@132b5a4, org.springframework.boot.test.autoconfigure.web.client.MockRestServiceServerResetTestExecutionListener@74c41b21, org.springframework.boot.test.autoconfigure.web.servlet.MockMvcPrintOnlyOnFailureTestExecutionListener@7763c2e, org.springframework.boot.test.autoconfigure.web.servlet.WebDriverTestExecutionListener@309b7586, org.springframework.boot.test.autoconfigure.webservices.client.MockWebServiceServerTestExecutionListener@249069a4, org.springframework.boot.test.mock.mockito.ResetMocksTestExecutionListener@70596304]
2021-08-25 21:32:11.884  INFO 92099 --- [    Test worker] o.s.t.c.transaction.TransactionContext   : Began transaction (1) for test context [DefaultTestContext@31245e24 testClass = MemberServiceTest, testInstance = shop.item.service.MemberServiceTest@32eccda3, testMethod = 중복_아이디@MemberServiceTest, testException = [null], mergedContextConfiguration = [WebMergedContextConfiguration@3920d84b testClass = MemberServiceTest, locations = '{}', classes = '{class shop.item.ItemApplication}', contextInitializerClasses = '[]', activeProfiles = '{}', propertySourceLocations = '{}', propertySourceProperties = '{org.springframework.boot.test.context.SpringBootTestContextBootstrapper=true}', contextCustomizers = set[org.springframework.boot.test.autoconfigure.actuate.metrics.MetricsExportContextCustomizerFactory$DisableMetricExportContextCustomizer@5e2bf2af, org.springframework.boot.test.autoconfigure.properties.PropertyMappingContextCustomizer@0, org.springframework.boot.test.autoconfigure.web.servlet.WebDriverContextCustomizerFactory$Customizer@1c53643b, org.springframework.boot.test.context.filter.ExcludeFilterContextCustomizer@26fe53ea, org.springframework.boot.test.json.DuplicateJsonObjectContextCustomizerFactory$DuplicateJsonObjectContextCustomizer@7f24d793, org.springframework.boot.test.mock.mockito.MockitoContextCustomizer@0, org.springframework.boot.test.web.client.TestRestTemplateContextCustomizer@22c3994e, org.springframework.boot.test.context.SpringBootTestArgs@1, org.springframework.boot.test.context.SpringBootTestWebEnvironment@2e744fd9], resourceBasePath = 'src/main/webapp', contextLoader = 'org.springframework.boot.test.context.SpringBootContextLoader', parent = [null]], attributes = map['org.springframework.test.context.web.ServletTestExecutionListener.activateListener' -> true, 'org.springframework.test.context.web.ServletTestExecutionListener.populatedRequestContextHolder' -> true, 'org.springframework.test.context.web.ServletTestExecutionListener.resetRequestContextHolder' -> true, 'org.springframework.test.context.event.ApplicationEventsTestExecutionListener.recordApplicationEvents' -> false]]; transaction manager [org.springframework.orm.jpa.JpaTransactionManager@3b00e393]; rollback [true]
2021-08-25 21:32:11.896 DEBUG 92099 --- [    Test worker] org.hibernate.SQL                        : select member0_.member_id as member_i1_4_, member0_.city as city2_4_, member0_.street as street3_4_, member0_.zipcode as zipcode4_4_, member0_.nick_name as nick_nam5_4_, member0_.number as number6_4_, member0_.user_id as user_id7_4_, member0_.user_name as user_nam8_4_, member0_.user_pw as user_pw9_4_ from member member0_ where member0_.user_id=?
2021-08-25 21:32:11.908  INFO 92099 --- [    Test worker] o.s.t.c.transaction.TransactionContext   : Rolled back transaction for test: [DefaultTestContext@31245e24 testClass = MemberServiceTest, testInstance = shop.item.service.MemberServiceTest@32eccda3, testMethod = 중복_아이디@MemberServiceTest, testException = [null], mergedContextConfiguration = [WebMergedContextConfiguration@3920d84b testClass = MemberServiceTest, locations = '{}', classes = '{class shop.item.ItemApplication}', contextInitializerClasses = '[]', activeProfiles = '{}', propertySourceLocations = '{}', propertySourceProperties = '{org.springframework.boot.test.context.SpringBootTestContextBootstrapper=true}', contextCustomizers = set[org.springframework.boot.test.autoconfigure.actuate.metrics.MetricsExportContextCustomizerFactory$DisableMetricExportContextCustomizer@5e2bf2af, org.springframework.boot.test.autoconfigure.properties.PropertyMappingContextCustomizer@0, org.springframework.boot.test.autoconfigure.web.servlet.WebDriverContextCustomizerFactory$Customizer@1c53643b, org.springframework.boot.test.context.filter.ExcludeFilterContextCustomizer@26fe53ea, org.springframework.boot.test.json.DuplicateJsonObjectContextCustomizerFactory$DuplicateJsonObjectContextCustomizer@7f24d793, org.springframework.boot.test.mock.mockito.MockitoContextCustomizer@0, org.springframework.boot.test.web.client.TestRestTemplateContextCustomizer@22c3994e, org.springframework.boot.test.context.SpringBootTestArgs@1, org.springframework.boot.test.context.SpringBootTestWebEnvironment@2e744fd9], resourceBasePath = 'src/main/webapp', contextLoader = 'org.springframework.boot.test.context.SpringBootContextLoader', parent = [null]], attributes = map['org.springframework.test.context.web.ServletTestExecutionListener.activateListener' -> true, 'org.springframework.test.context.web.ServletTestExecutionListener.populatedRequestContextHolder' -> true, 'org.springframework.test.context.web.ServletTestExecutionListener.resetRequestContextHolder' -> true, 'org.springframework.test.context.event.ApplicationEventsTestExecutionListener.recordApplicationEvents' -> false]]
2021-08-25 21:32:11.911  INFO 92099 --- [    Test worker] o.s.t.c.transaction.TransactionContext   : Began transaction (1) for test context [DefaultTestContext@31245e24 testClass = MemberServiceTest, testInstance = shop.item.service.MemberServiceTest@17a59a71, testMethod = 정보_변경@MemberServiceTest, testException = [null], mergedContextConfiguration = [WebMergedContextConfiguration@3920d84b testClass = MemberServiceTest, locations = '{}', classes = '{class shop.item.ItemApplication}', contextInitializerClasses = '[]', activeProfiles = '{}', propertySourceLocations = '{}', propertySourceProperties = '{org.springframework.boot.test.context.SpringBootTestContextBootstrapper=true}', contextCustomizers = set[org.springframework.boot.test.autoconfigure.actuate.metrics.MetricsExportContextCustomizerFactory$DisableMetricExportContextCustomizer@5e2bf2af, org.springframework.boot.test.autoconfigure.properties.PropertyMappingContextCustomizer@0, org.springframework.boot.test.autoconfigure.web.servlet.WebDriverContextCustomizerFactory$Customizer@1c53643b, org.springframework.boot.test.context.filter.ExcludeFilterContextCustomizer@26fe53ea, org.springframework.boot.test.json.DuplicateJsonObjectContextCustomizerFactory$DuplicateJsonObjectContextCustomizer@7f24d793, org.springframework.boot.test.mock.mockito.MockitoContextCustomizer@0, org.springframework.boot.test.web.client.TestRestTemplateContextCustomizer@22c3994e, org.springframework.boot.test.context.SpringBootTestArgs@1, org.springframework.boot.test.context.SpringBootTestWebEnvironment@2e744fd9], resourceBasePath = 'src/main/webapp', contextLoader = 'org.springframework.boot.test.context.SpringBootContextLoader', parent = [null]], attributes = map['org.springframework.test.context.web.ServletTestExecutionListener.activateListener' -> true, 'org.springframework.test.context.web.ServletTestExecutionListener.populatedRequestContextHolder' -> true, 'org.springframework.test.context.web.ServletTestExecutionListener.resetRequestContextHolder' -> true, 'org.springframework.test.context.event.ApplicationEventsTestExecutionListener.recordApplicationEvents' -> false]]; transaction manager [org.springframework.orm.jpa.JpaTransactionManager@3b00e393]; rollback [true]
2021-08-25 21:32:11.912 DEBUG 92099 --- [    Test worker] org.hibernate.SQL                        : select member0_.member_id as member_i1_4_, member0_.city as city2_4_, member0_.street as street3_4_, member0_.zipcode as zipcode4_4_, member0_.nick_name as nick_nam5_4_, member0_.number as number6_4_, member0_.user_id as user_id7_4_, member0_.user_name as user_nam8_4_, member0_.user_pw as user_pw9_4_ from member member0_ where member0_.user_id=?
2021-08-25 21:32:11.913 DEBUG 92099 --- [    Test worker] org.hibernate.SQL                        : call next value for hibernate_sequence
2021-08-25 21:32:11.914 DEBUG 92099 --- [    Test worker] org.hibernate.SQL                        : insert into member (city, street, zipcode, nick_name, number, user_id, user_name, user_pw, member_id) values (?, ?, ?, ?, ?, ?, ?, ?, ?)
2021-08-25 21:32:11.915 DEBUG 92099 --- [    Test worker] org.hibernate.SQL                        : select member0_.member_id as member_i1_4_0_, member0_.city as city2_4_0_, member0_.street as street3_4_0_, member0_.zipcode as zipcode4_4_0_, member0_.nick_name as nick_nam5_4_0_, member0_.number as number6_4_0_, member0_.user_id as user_id7_4_0_, member0_.user_name as user_nam8_4_0_, member0_.user_pw as user_pw9_4_0_ from member member0_ where member0_.member_id=?
2021-08-25 21:32:11.924  INFO 92099 --- [    Test worker] o.s.t.c.transaction.TransactionContext   : Rolled back transaction for test: [DefaultTestContext@31245e24 testClass = MemberServiceTest, testInstance = shop.item.service.MemberServiceTest@17a59a71, testMethod = 정보_변경@MemberServiceTest, testException = [null], mergedContextConfiguration = [WebMergedContextConfiguration@3920d84b testClass = MemberServiceTest, locations = '{}', classes = '{class shop.item.ItemApplication}', contextInitializerClasses = '[]', activeProfiles = '{}', propertySourceLocations = '{}', propertySourceProperties = '{org.springframework.boot.test.context.SpringBootTestContextBootstrapper=true}', contextCustomizers = set[org.springframework.boot.test.autoconfigure.actuate.metrics.MetricsExportContextCustomizerFactory$DisableMetricExportContextCustomizer@5e2bf2af, org.springframework.boot.test.autoconfigure.properties.PropertyMappingContextCustomizer@0, org.springframework.boot.test.autoconfigure.web.servlet.WebDriverContextCustomizerFactory$Customizer@1c53643b, org.springframework.boot.test.context.filter.ExcludeFilterContextCustomizer@26fe53ea, org.springframework.boot.test.json.DuplicateJsonObjectContextCustomizerFactory$DuplicateJsonObjectContextCustomizer@7f24d793, org.springframework.boot.test.mock.mockito.MockitoContextCustomizer@0, org.springframework.boot.test.web.client.TestRestTemplateContextCustomizer@22c3994e, org.springframework.boot.test.context.SpringBootTestArgs@1, org.springframework.boot.test.context.SpringBootTestWebEnvironment@2e744fd9], resourceBasePath = 'src/main/webapp', contextLoader = 'org.springframework.boot.test.context.SpringBootContextLoader', parent = [null]], attributes = map['org.springframework.test.context.web.ServletTestExecutionListener.activateListener' -> true, 'org.springframework.test.context.web.ServletTestExecutionListener.populatedRequestContextHolder' -> true, 'org.springframework.test.context.web.ServletTestExecutionListener.resetRequestContextHolder' -> true, 'org.springframework.test.context.event.ApplicationEventsTestExecutionListener.recordApplicationEvents' -> false]]
2021-08-25 21:32:11.927  INFO 92099 --- [    Test worker] o.s.t.c.transaction.TransactionContext   : Began transaction (1) for test context [DefaultTestContext@31245e24 testClass = MemberServiceTest, testInstance = shop.item.service.MemberServiceTest@98131e7, testMethod = 회원가입@MemberServiceTest, testException = [null], mergedContextConfiguration = [WebMergedContextConfiguration@3920d84b testClass = MemberServiceTest, locations = '{}', classes = '{class shop.item.ItemApplication}', contextInitializerClasses = '[]', activeProfiles = '{}', propertySourceLocations = '{}', propertySourceProperties = '{org.springframework.boot.test.context.SpringBootTestContextBootstrapper=true}', contextCustomizers = set[org.springframework.boot.test.autoconfigure.actuate.metrics.MetricsExportContextCustomizerFactory$DisableMetricExportContextCustomizer@5e2bf2af, org.springframework.boot.test.autoconfigure.properties.PropertyMappingContextCustomizer@0, org.springframework.boot.test.autoconfigure.web.servlet.WebDriverContextCustomizerFactory$Customizer@1c53643b, org.springframework.boot.test.context.filter.ExcludeFilterContextCustomizer@26fe53ea, org.springframework.boot.test.json.DuplicateJsonObjectContextCustomizerFactory$DuplicateJsonObjectContextCustomizer@7f24d793, org.springframework.boot.test.mock.mockito.MockitoContextCustomizer@0, org.springframework.boot.test.web.client.TestRestTemplateContextCustomizer@22c3994e, org.springframework.boot.test.context.SpringBootTestArgs@1, org.springframework.boot.test.context.SpringBootTestWebEnvironment@2e744fd9], resourceBasePath = 'src/main/webapp', contextLoader = 'org.springframework.boot.test.context.SpringBootContextLoader', parent = [null]], attributes = map['org.springframework.test.context.web.ServletTestExecutionListener.activateListener' -> true, 'org.springframework.test.context.web.ServletTestExecutionListener.populatedRequestContextHolder' -> true, 'org.springframework.test.context.web.ServletTestExecutionListener.resetRequestContextHolder' -> true, 'org.springframework.test.context.event.ApplicationEventsTestExecutionListener.recordApplicationEvents' -> false]]; transaction manager [org.springframework.orm.jpa.JpaTransactionManager@3b00e393]; rollback [true]
2021-08-25 21:32:11.929 DEBUG 92099 --- [    Test worker] org.hibernate.SQL                        : select member0_.member_id as member_i1_4_, member0_.city as city2_4_, member0_.street as street3_4_, member0_.zipcode as zipcode4_4_, member0_.nick_name as nick_nam5_4_, member0_.number as number6_4_, member0_.user_id as user_id7_4_, member0_.user_name as user_nam8_4_, member0_.user_pw as user_pw9_4_ from member member0_ where member0_.user_id=?
2021-08-25 21:32:11.929 DEBUG 92099 --- [    Test worker] org.hibernate.SQL                        : call next value for hibernate_sequence
2021-08-25 21:32:11.933  INFO 92099 --- [    Test worker] o.s.t.c.transaction.TransactionContext   : Rolled back transaction for test: [DefaultTestContext@31245e24 testClass = MemberServiceTest, testInstance = shop.item.service.MemberServiceTest@98131e7, testMethod = 회원가입@MemberServiceTest, testException = [null], mergedContextConfiguration = [WebMergedContextConfiguration@3920d84b testClass = MemberServiceTest, locations = '{}', classes = '{class shop.item.ItemApplication}', contextInitializerClasses = '[]', activeProfiles = '{}', propertySourceLocations = '{}', propertySourceProperties = '{org.springframework.boot.test.context.SpringBootTestContextBootstrapper=true}', contextCustomizers = set[org.springframework.boot.test.autoconfigure.actuate.metrics.MetricsExportContextCustomizerFactory$DisableMetricExportContextCustomizer@5e2bf2af, org.springframework.boot.test.autoconfigure.properties.PropertyMappingContextCustomizer@0, org.springframework.boot.test.autoconfigure.web.servlet.WebDriverContextCustomizerFactory$Customizer@1c53643b, org.springframework.boot.test.context.filter.ExcludeFilterContextCustomizer@26fe53ea, org.springframework.boot.test.json.DuplicateJsonObjectContextCustomizerFactory$DuplicateJsonObjectContextCustomizer@7f24d793, org.springframework.boot.test.mock.mockito.MockitoContextCustomizer@0, org.springframework.boot.test.web.client.TestRestTemplateContextCustomizer@22c3994e, org.springframework.boot.test.context.SpringBootTestArgs@1, org.springframework.boot.test.context.SpringBootTestWebEnvironment@2e744fd9], resourceBasePath = 'src/main/webapp', contextLoader = 'org.springframework.boot.test.context.SpringBootContextLoader', parent = [null]], attributes = map['org.springframework.test.context.web.ServletTestExecutionListener.activateListener' -> true, 'org.springframework.test.context.web.ServletTestExecutionListener.populatedRequestContextHolder' -> true, 'org.springframework.test.context.web.ServletTestExecutionListener.resetRequestContextHolder' -> true, 'org.springframework.test.context.event.ApplicationEventsTestExecutionListener.recordApplicationEvents' -> false]]
]]></system-out>
  <system-err><![CDATA[]]></system-err>
</testsuite>
